<?xml version="1.0" encoding="UTF-8"?>
<testsuite name="TestSuite_1" tests="1" skipped="0" failures="0" errors="0" timestamp="2019-11-02T23:33:11" hostname="LAPTOP-OO4AJMO6" time="0.012">
  <properties/>
  <testcase name="Test1" classname="TestSuite_1" time="0.012"/>
  <system-out><![CDATA[Test 1
]]></system-out>
  <system-err><![CDATA[]]></system-err>
</testsuite>
